\BOOKMARK [1][-]{section.1}{\376\377\000E\000i\000n\000l\000e\000i\000t\000u\000n\000g}{}% 1
\BOOKMARK [1][-]{section.2}{\376\377\000T\000h\000e\000o\000r\000e\000t\000i\000s\000c\000h\000e\000\040\000G\000r\000u\000n\000d\000l\000a\000g\000e\000n}{}% 2
\BOOKMARK [2][-]{subsection.2.1}{\376\377\000P\000r\000o\000b\000l\000e\000m\000b\000e\000s\000c\000h\000r\000e\000i\000b\000u\000n\000g\000\040\000u\000n\000d\000\040\000h\000i\000s\000t\000o\000r\000i\000s\000c\000h\000e\000\040\000E\000n\000t\000w\000i\000c\000k\000l\000u\000n\000g}{section.2}% 3
\BOOKMARK [2][-]{subsection.2.2}{\376\377\000G\000r\000a\000v\000i\000t\000a\000t\000i\000o\000n\000s\000k\000r\000a\000f\000t}{section.2}% 4
\BOOKMARK [2][-]{subsection.2.3}{\376\377\000Z\000w\000e\000i\000-\000K\000\366\000r\000p\000e\000r\000-\000P\000r\000o\000b\000l\000e\000m}{section.2}% 5
\BOOKMARK [3][-]{subsubsection.2.3.1}{\376\377\000S\000c\000h\000w\000e\000r\000p\000u\000n\000k\000t\000s\000y\000s\000t\000e\000m\000\040\000u\000n\000d\000\040\000R\000e\000d\000u\000k\000t\000i\000o\000n\000\040\000a\000u\000f\000\040\000d\000a\000s\000\040\000E\000i\000n\000-\000K\000\366\000r\000p\000e\000r\000-\000P\000r\000o\000b\000l\000e\000m}{subsection.2.3}% 6
\BOOKMARK [3][-]{subsubsection.2.3.2}{\376\377\000L\000\366\000s\000u\000n\000g\000\040\000d\000e\000r\000\040\000B\000a\000h\000n\000k\000u\000r\000v\000e}{subsection.2.3}% 7
\BOOKMARK [2][-]{subsection.2.4}{\376\377\000D\000r\000e\000i\000-\000K\000\366\000r\000p\000e\000r\000-\000P\000r\000o\000b\000l\000e\000m}{section.2}% 8
\BOOKMARK [2][-]{subsection.2.5}{\376\377\000N\000-\000K\000\366\000r\000p\000e\000r\000\040\000P\000r\000o\000b\000l\000e\000m}{section.2}% 9
\BOOKMARK [1][-]{section.3}{\376\377\000M\000a\000t\000e\000r\000i\000a\000l\000\040\000u\000n\000d\000\040\000M\000e\000t\000h\000o\000d\000e\000n}{}% 10
\BOOKMARK [2][-]{subsection.3.1}{\376\377\000V\000o\000r\000g\000e\000h\000e\000n\000s\000w\000e\000i\000s\000e\000\040\000u\000n\000d\000\040\000I\000m\000p\000l\000e\000m\000e\000n\000t\000i\000e\000r\000u\000n\000g}{section.3}% 11
\BOOKMARK [1][-]{section.4}{\376\377\000R\000e\000s\000u\000l\000t\000a\000t}{}% 12
\BOOKMARK [2][-]{subsection.4.1}{\376\377\000V\000e\000r\000g\000l\000e\000i\000c\000h\000\040\000d\000e\000r\000\040\000S\000i\000m\000u\000l\000a\000t\000i\000o\000n\000s\000e\000r\000g\000e\000b\000n\000i\000s\000s\000e}{section.4}% 13
\BOOKMARK [1][-]{section.5}{\376\377\000D\000i\000s\000k\000u\000s\000s\000i\000o\000n}{}% 14
\BOOKMARK [2][-]{subsection.5.1}{\376\377\000V\000o\000r\000t\000e\000i\000l\000e\000\040\000d\000e\000r\000\040\000v\000e\000r\000w\000e\000n\000d\000e\000t\000e\000n\000\040\000A\000l\000g\000o\000r\000i\000t\000h\000m\000e\000n}{section.5}% 15
\BOOKMARK [2][-]{subsection.5.2}{\376\377\000H\000e\000r\000a\000u\000s\000f\000o\000r\000d\000e\000r\000u\000n\000g\000e\000n\000\040\000u\000n\000d\000\040\000L\000i\000m\000i\000t\000i\000e\000r\000u\000n\000g\000e\000n}{section.5}% 16
\BOOKMARK [2][-]{subsection.5.3}{\376\377\000V\000e\000r\000g\000l\000e\000i\000c\000h\000\040\000m\000i\000t\000\040\000b\000e\000s\000t\000e\000h\000e\000n\000d\000e\000n\000\040\000M\000e\000t\000h\000o\000d\000e\000n}{section.5}% 17
\BOOKMARK [1][-]{section.6}{\376\377\000S\000c\000h\000l\000u\000s\000s\000f\000o\000l\000g\000e\000r\000u\000n\000g}{}% 18
\BOOKMARK [1][-]{section.7}{\376\377\000L\000i\000t\000e\000r\000a\000t\000u\000r\000v\000e\000r\000z\000e\000i\000c\000h\000n\000i\000s}{}% 19
\BOOKMARK [1][-]{section.8}{\376\377\000A\000b\000b\000i\000l\000d\000u\000n\000g\000s\000v\000e\000r\000z\000e\000i\000c\000h\000n\000i\000s}{}% 20
